C51 COMPILER V8.12   LEDWITH8051                                                           04/29/2015 16:05:00 PAGE 1   


C51 COMPILER V8.12, COMPILATION OF MODULE LEDWITH8051
OBJECT MODULE PLACED IN ledwith8051.OBJ
COMPILER INVOKED BY: C:\Keil\C51\BIN\C51.EXE ledwith8051.c BROWSE DEBUG OBJECTEXTEND

line level    source

   1          #include<reg52.h>  // special function register declarations  
   2                             // for the intended 8051 derivative       
   3          
   4          #include<stdio.h>  // prototype declarations for I/O function
   5          sbit LEDPORT=P2^0; //Defining LED port
   6          
   7          void Delay(void);     // Function prototype declaration
   8          
   9          void main (void) 
  10          {
  11   1          while(1)                //infinite loop 
  12   1          {
  13   2             LEDPORT = 1;
  14   2             Delay();
  15   2             LEDPORT = 0;
  16   2             Delay();
  17   2          }
  18   1      }
  19          
  20          void Delay(void)
  21          {
  22   1          int j;
  23   1          int i;
  24   1          for(i=0;i<10;i++)
  25   1          {
  26   2              for(j=0;j<10000;j++)
  27   2              {
  28   3              }
  29   2          }
  30   1      }


MODULE INFORMATION:   STATIC OVERLAYABLE
   CODE SIZE        =     41    ----
   CONSTANT SIZE    =   ----    ----
   XDATA SIZE       =   ----    ----
   PDATA SIZE       =   ----    ----
   DATA SIZE        =   ----    ----
   IDATA SIZE       =   ----    ----
   BIT SIZE         =   ----    ----
END OF MODULE INFORMATION.


C51 COMPILATION COMPLETE.  0 WARNING(S),  0 ERROR(S)
